<?xml version="1.0" encoding="UTF-8"?>
<!-- Generated by org.testng.reporters.JUnitReportReporter -->
<testsuite hostname="MacBook-Pro-2.local" failures="0" tests="5" name="Atari" time="15.803" errors="0" timestamp="2025-04-15T04:01:33 EDT" skipped="0">
  <testcase classname="Atari" name="navigateToHomepage" time="2.478"/>
  <testcase classname="Atari" name="clickAllGamesTab" time="3.357"/>
  <testcase classname="Atari" name="selectAtariAsteroids" time="5.294"/>
  <testcase classname="Atari" name="clickThumbsUpIcon" time="2.368"/>
  <testcase classname="Atari" name="clickDislikeButton" time="2.306"/>
</testsuite> <!-- Atari -->
