<?xml version="1.0" encoding="UTF-8"?>
<!-- Generated by org.testng.reporters.JUnitReportReporter -->
<testsuite hostname="MacBook-Pro-2.local" failures="0" tests="7" name="NavBar" time="31.205" errors="0" timestamp="2025-04-15T04:01:33 EDT" skipped="0">
  <testcase classname="NavBar" name="strategyCategory" time="4.224"/>
  <testcase classname="NavBar" name="skillCategory" time="4.899"/>
  <testcase classname="NavBar" name="logicCategory" time="4.242"/>
  <testcase classname="NavBar" name="classicCategory" time="6.974"/>
  <testcase classname="NavBar" name="triviaCategory" time="3.484"/>
  <testcase classname="NavBar" name="categoriesPage" time="3.731"/>
  <testcase classname="NavBar" name="allGamesPage" time="3.651"/>
</testsuite> <!-- NavBar -->
