<?xml version="1.0" encoding="UTF-8"?>
<!-- Generated by org.testng.reporters.JUnitReportReporter -->
<testsuite hostname="MacBook-Pro-2.local" failures="0" tests="8" name="Language" time="20.079" errors="0" timestamp="2025-04-15T04:01:33 EDT" skipped="0">
  <testcase classname="Language" name="deutsch" time="2.629"/>
  <testcase classname="Language" name="english" time="2.601"/>
  <testcase classname="Language" name="chinese" time="2.643"/>
  <testcase classname="Language" name="japanese" time="2.720"/>
  <testcase classname="Language" name="french" time="2.314"/>
  <testcase classname="Language" name="italian" time="2.343"/>
  <testcase classname="Language" name="hindi" time="2.367"/>
  <testcase classname="Language" name="spanish" time="2.462"/>
</testsuite> <!-- Language -->
