<?xml version="1.0" encoding="UTF-8"?>
<!-- Generated by org.testng.reporters.JUnitReportReporter -->
<testsuite hostname="MacBook-Pro-2.local" failures="0" tests="5" name="Trivia" time="29.778" errors="0" timestamp="2025-04-15T04:01:33 EDT" skipped="0">
  <testcase classname="Trivia" name="navigateToHomepage" time="2.494"/>
  <testcase classname="Trivia" name="goToTriviaCategory" time="4.328"/>
  <testcase classname="Trivia" name="openNameThatCandyVol2" time="11.773"/>
  <testcase classname="Trivia" name="startCandyQuiz" time="6.090"/>
  <testcase classname="Trivia" name="selectSourPatchKids" time="5.093"/>
</testsuite> <!-- Trivia -->
