<?xml version="1.0" encoding="UTF-8"?>
<!-- Generated by org.testng.reporters.JUnitReportReporter -->
<testsuite hostname="MacBook-Pro-2.local" failures="0" tests="3" name="Skills" time="55.870" errors="0" timestamp="2025-04-15T04:01:33 EDT" skipped="0">
  <testcase classname="Skills" name="HoveringOverGames" time="23.009"/>
  <testcase classname="Skills" name="VerticalandHorizontalScroll" time="22.453"/>
  <testcase classname="Skills" name="NavigateToSkillsandClick" time="10.408"/>
</testsuite> <!-- Skills -->
